<?xml version="1.0" encoding="UTF-8"?>
<testsuite name="BibliotecaTest" tests="3" skipped="0" failures="0" errors="0" timestamp="2025-03-05T17:24:58" hostname="PC-ALVARO" time="0.017">
  <properties/>
  <testcase name="eliminarLibro()" classname="BibliotecaTest" time="0.013"/>
  <testcase name="agregarLibro()" classname="BibliotecaTest" time="0.001"/>
  <testcase name="encuentraLibrosPorAutor()" classname="BibliotecaTest" time="0.001"/>
  <system-out><![CDATA[]]></system-out>
  <system-err><![CDATA[]]></system-err>
</testsuite>
